{"contracts/GoGoToken.sol":{"l":{"10":12},"path":"/Users/tonyz/_Project/Giuseppe/Cryptogogo/new-contracts/contracts/GoGoToken.sol","s":{"1":12},"b":{},"f":{"1":12},"fnMap":{"1":{"name":"constructor","line":9,"loc":{"start":{"line":9,"column":1},"end":{"line":11,"column":1}}}},"statementMap":{"1":{"start":{"line":10,"column":2},"end":{"line":10,"column":43}}},"branchMap":{}},"contracts/Staking/RewardsDistributionRecipient.sol":{"l":{"11":2,"15":2},"path":"/Users/tonyz/_Project/Giuseppe/Cryptogogo/new-contracts/contracts/Staking/RewardsDistributionRecipient.sol","s":{"1":2},"b":{"1":[2,0]},"f":{"1":2},"fnMap":{"1":{"name":"onlyRewardsDistribution","line":10,"loc":{"start":{"line":10,"column":1},"end":{"line":16,"column":1}}}},"statementMap":{"1":{"start":{"line":11,"column":2},"end":{"line":11,"column":259}}},"branchMap":{"1":{"line":11,"type":"if","locations":[{"start":{"line":11,"column":2},"end":{"line":11,"column":2}},{"start":{"line":11,"column":2},"end":{"line":11,"column":2}}]}}},"contracts/Staking/StakingRewardsLP.sol":{"l":{"49":6,"50":6,"51":6,"57":0,"61":0,"65":15,"69":16,"70":10,"72":6,"83":7,"91":0,"101":2,"102":2,"103":2,"104":2,"105":2,"106":2,"107":2,"115":1,"116":1,"120":1,"121":1,"122":1,"123":1,"124":1,"132":1,"133":1,"137":1,"138":1,"139":1,"140":1,"141":1,"142":1,"147":1,"148":1,"152":3,"153":3,"154":3,"155":3,"156":3,"161":1,"162":1,"166":1,"167":1,"178":2,"179":2,"181":0,"182":0,"183":0,"190":2,"191":2,"196":2,"197":2,"198":2,"202":0,"203":0,"204":0,"211":0,"216":0,"217":0,"223":9,"224":9,"225":9,"226":7,"227":7,"229":9},"path":"/Users/tonyz/_Project/Giuseppe/Cryptogogo/new-contracts/contracts/Staking/StakingRewardsLP.sol","s":{"1":6,"2":6,"3":6,"4":0,"5":0,"6":15,"7":16,"8":10,"9":6,"10":7,"11":0,"12":2,"13":2,"14":2,"15":2,"16":2,"17":2,"18":2,"19":2,"20":1,"21":1,"22":1,"23":1,"24":1,"25":1,"26":1,"27":1,"28":1,"29":1,"30":1,"31":1,"32":1,"33":1,"34":1,"35":1,"36":1,"37":1,"38":1,"39":3,"40":3,"41":3,"42":3,"43":3,"44":1,"45":1,"46":1,"47":1,"48":2,"49":2,"50":0,"51":0,"52":0,"53":2,"54":2,"55":2,"56":2,"57":2,"58":0,"59":0,"60":0,"61":0,"62":0,"63":0,"64":9,"65":9,"66":9,"67":7,"68":7},"b":{"1":[10,6],"2":[2,0],"3":[2,0],"4":[1,0],"5":[1,0],"6":[1,0],"7":[1,0],"8":[1,0],"9":[1,0],"10":[1,0],"11":[3,0],"12":[2,0],"13":[2,0],"14":[0,0],"15":[0,0],"16":[7,2]},"f":{"1":6,"2":0,"3":0,"4":15,"5":16,"6":7,"7":0,"8":2,"9":1,"10":1,"11":3,"12":1,"13":1,"14":2,"15":0,"16":0,"17":9},"fnMap":{"1":{"name":"constructor","line":44,"loc":{"start":{"line":44,"column":1},"end":{"line":52,"column":1}}},"2":{"name":"totalSupply","line":56,"loc":{"start":{"line":56,"column":1},"end":{"line":58,"column":1}}},"3":{"name":"balanceOf","line":60,"loc":{"start":{"line":60,"column":1},"end":{"line":62,"column":1}}},"4":{"name":"lastTimeRewardApplicable","line":64,"loc":{"start":{"line":64,"column":1},"end":{"line":66,"column":1}}},"5":{"name":"rewardPerToken","line":68,"loc":{"start":{"line":68,"column":1},"end":{"line":80,"column":1}}},"6":{"name":"earned","line":82,"loc":{"start":{"line":82,"column":1},"end":{"line":88,"column":1}}},"7":{"name":"getRewardForDuration","line":90,"loc":{"start":{"line":90,"column":1},"end":{"line":92,"column":1}}},"8":{"name":"stake","line":99,"loc":{"start":{"line":96,"column":1},"end":{"line":108,"column":1}}},"9":{"name":"withdraw","line":113,"loc":{"start":{"line":110,"column":1},"end":{"line":125,"column":1}}},"10":{"name":"withdrawByLoss","line":130,"loc":{"start":{"line":127,"column":1},"end":{"line":149,"column":1}}},"11":{"name":"getReward","line":151,"loc":{"start":{"line":151,"column":1},"end":{"line":158,"column":1}}},"12":{"name":"exit","line":160,"loc":{"start":{"line":160,"column":1},"end":{"line":163,"column":1}}},"13":{"name":"exitByLoss","line":165,"loc":{"start":{"line":165,"column":1},"end":{"line":168,"column":1}}},"14":{"name":"notifyRewardAmount","line":176,"loc":{"start":{"line":172,"column":1},"end":{"line":199,"column":1}}},"15":{"name":"setRewardsDuration","line":201,"loc":{"start":{"line":201,"column":1},"end":{"line":205,"column":1}}},"16":{"name":"recoverERC20","line":209,"loc":{"start":{"line":207,"column":1},"end":{"line":218,"column":1}}},"17":{"name":"updateReward","line":222,"loc":{"start":{"line":222,"column":1},"end":{"line":230,"column":1}}}},"statementMap":{"1":{"start":{"line":49,"column":2},"end":{"line":49,"column":37}},"2":{"start":{"line":50,"column":2},"end":{"line":50,"column":37}},"3":{"start":{"line":51,"column":2},"end":{"line":51,"column":43}},"4":{"start":{"line":57,"column":2},"end":{"line":57,"column":21}},"5":{"start":{"line":61,"column":2},"end":{"line":61,"column":27}},"6":{"start":{"line":65,"column":2},"end":{"line":65,"column":48}},"7":{"start":{"line":69,"column":2},"end":{"line":69,"column":2050}},"8":{"start":{"line":70,"column":3},"end":{"line":70,"column":30}},"9":{"start":{"line":72,"column":2},"end":{"line":72,"column":2115}},"10":{"start":{"line":83,"column":2},"end":{"line":83,"column":2370}},"11":{"start":{"line":91,"column":2},"end":{"line":91,"column":40}},"12":{"start":{"line":101,"column":2},"end":{"line":101,"column":38}},"13":{"start":{"line":102,"column":2},"end":{"line":102,"column":40}},"14":{"start":{"line":103,"column":2},"end":{"line":103,"column":68}},"15":{"start":{"line":103,"column":34},"end":{"line":103,"column":67}},"16":{"start":{"line":104,"column":2},"end":{"line":104,"column":58}},"17":{"start":{"line":105,"column":2},"end":{"line":105,"column":65}},"18":{"start":{"line":106,"column":2},"end":{"line":106,"column":45}},"19":{"start":{"line":107,"column":2},"end":{"line":107,"column":33}},"20":{"start":{"line":115,"column":2},"end":{"line":115,"column":41}},"21":{"start":{"line":116,"column":2},"end":{"line":116,"column":3241}},"22":{"start":{"line":120,"column":2},"end":{"line":120,"column":40}},"23":{"start":{"line":121,"column":2},"end":{"line":121,"column":58}},"24":{"start":{"line":122,"column":2},"end":{"line":122,"column":68}},"25":{"start":{"line":122,"column":34},"end":{"line":122,"column":67}},"26":{"start":{"line":123,"column":2},"end":{"line":123,"column":46}},"27":{"start":{"line":124,"column":2},"end":{"line":124,"column":36}},"28":{"start":{"line":132,"column":2},"end":{"line":132,"column":41}},"29":{"start":{"line":133,"column":2},"end":{"line":133,"column":3768}},"30":{"start":{"line":137,"column":2},"end":{"line":137,"column":40}},"31":{"start":{"line":138,"column":2},"end":{"line":138,"column":50}},"32":{"start":{"line":139,"column":2},"end":{"line":139,"column":58}},"33":{"start":{"line":140,"column":2},"end":{"line":140,"column":68}},"34":{"start":{"line":140,"column":34},"end":{"line":140,"column":67}},"35":{"start":{"line":141,"column":2},"end":{"line":141,"column":54}},"36":{"start":{"line":142,"column":2},"end":{"line":142,"column":4175}},"37":{"start":{"line":147,"column":2},"end":{"line":147,"column":25}},"38":{"start":{"line":148,"column":2},"end":{"line":148,"column":36}},"39":{"start":{"line":152,"column":2},"end":{"line":152,"column":38}},"40":{"start":{"line":153,"column":2},"end":{"line":153,"column":4449}},"41":{"start":{"line":154,"column":3},"end":{"line":154,"column":25}},"42":{"start":{"line":155,"column":3},"end":{"line":155,"column":47}},"43":{"start":{"line":156,"column":3},"end":{"line":156,"column":38}},"44":{"start":{"line":161,"column":2},"end":{"line":161,"column":32}},"45":{"start":{"line":162,"column":2},"end":{"line":162,"column":12}},"46":{"start":{"line":166,"column":2},"end":{"line":166,"column":38}},"47":{"start":{"line":167,"column":2},"end":{"line":167,"column":12}},"48":{"start":{"line":178,"column":2},"end":{"line":178,"column":4945}},"49":{"start":{"line":179,"column":3},"end":{"line":179,"column":42}},"50":{"start":{"line":181,"column":3},"end":{"line":181,"column":56}},"51":{"start":{"line":182,"column":3},"end":{"line":182,"column":47}},"52":{"start":{"line":183,"column":3},"end":{"line":183,"column":56}},"53":{"start":{"line":190,"column":2},"end":{"line":190,"column":57}},"54":{"start":{"line":191,"column":2},"end":{"line":191,"column":5592}},"55":{"start":{"line":196,"column":2},"end":{"line":196,"column":33}},"56":{"start":{"line":197,"column":2},"end":{"line":197,"column":52}},"57":{"start":{"line":198,"column":2},"end":{"line":198,"column":26}},"58":{"start":{"line":202,"column":2},"end":{"line":202,"column":71}},"59":{"start":{"line":203,"column":2},"end":{"line":203,"column":35}},"60":{"start":{"line":204,"column":2},"end":{"line":204,"column":46}},"61":{"start":{"line":211,"column":2},"end":{"line":211,"column":6141}},"62":{"start":{"line":216,"column":2},"end":{"line":216,"column":56}},"63":{"start":{"line":217,"column":2},"end":{"line":217,"column":43}},"64":{"start":{"line":223,"column":2},"end":{"line":223,"column":40}},"65":{"start":{"line":224,"column":2},"end":{"line":224,"column":44}},"66":{"start":{"line":225,"column":2},"end":{"line":225,"column":6542}},"67":{"start":{"line":226,"column":3},"end":{"line":226,"column":36}},"68":{"start":{"line":227,"column":3},"end":{"line":227,"column":56}}},"branchMap":{"1":{"line":69,"type":"if","locations":[{"start":{"line":69,"column":2},"end":{"line":69,"column":2}},{"start":{"line":69,"column":2},"end":{"line":69,"column":2}}]},"2":{"line":101,"type":"if","locations":[{"start":{"line":101,"column":2},"end":{"line":101,"column":2}},{"start":{"line":101,"column":2},"end":{"line":101,"column":2}}]},"3":{"line":103,"type":"if","locations":[{"start":{"line":103,"column":2},"end":{"line":103,"column":2}},{"start":{"line":103,"column":2},"end":{"line":103,"column":2}}]},"4":{"line":115,"type":"if","locations":[{"start":{"line":115,"column":2},"end":{"line":115,"column":2}},{"start":{"line":115,"column":2},"end":{"line":115,"column":2}}]},"5":{"line":116,"type":"if","locations":[{"start":{"line":116,"column":2},"end":{"line":116,"column":2}},{"start":{"line":116,"column":2},"end":{"line":116,"column":2}}]},"6":{"line":122,"type":"if","locations":[{"start":{"line":122,"column":2},"end":{"line":122,"column":2}},{"start":{"line":122,"column":2},"end":{"line":122,"column":2}}]},"7":{"line":132,"type":"if","locations":[{"start":{"line":132,"column":2},"end":{"line":132,"column":2}},{"start":{"line":132,"column":2},"end":{"line":132,"column":2}}]},"8":{"line":133,"type":"if","locations":[{"start":{"line":133,"column":2},"end":{"line":133,"column":2}},{"start":{"line":133,"column":2},"end":{"line":133,"column":2}}]},"9":{"line":140,"type":"if","locations":[{"start":{"line":140,"column":2},"end":{"line":140,"column":2}},{"start":{"line":140,"column":2},"end":{"line":140,"column":2}}]},"10":{"line":147,"type":"if","locations":[{"start":{"line":147,"column":2},"end":{"line":147,"column":2}},{"start":{"line":147,"column":2},"end":{"line":147,"column":2}}]},"11":{"line":153,"type":"if","locations":[{"start":{"line":153,"column":2},"end":{"line":153,"column":2}},{"start":{"line":153,"column":2},"end":{"line":153,"column":2}}]},"12":{"line":178,"type":"if","locations":[{"start":{"line":178,"column":2},"end":{"line":178,"column":2}},{"start":{"line":178,"column":2},"end":{"line":178,"column":2}}]},"13":{"line":191,"type":"if","locations":[{"start":{"line":191,"column":2},"end":{"line":191,"column":2}},{"start":{"line":191,"column":2},"end":{"line":191,"column":2}}]},"14":{"line":202,"type":"if","locations":[{"start":{"line":202,"column":2},"end":{"line":202,"column":2}},{"start":{"line":202,"column":2},"end":{"line":202,"column":2}}]},"15":{"line":211,"type":"if","locations":[{"start":{"line":211,"column":2},"end":{"line":211,"column":2}},{"start":{"line":211,"column":2},"end":{"line":211,"column":2}}]},"16":{"line":225,"type":"if","locations":[{"start":{"line":225,"column":2},"end":{"line":225,"column":2}},{"start":{"line":225,"column":2},"end":{"line":225,"column":2}}]}}},"contracts/Vesting/TokenVesting.sol":{"l":{"28":6,"29":6,"30":6,"34":8,"35":8,"45":1,"46":1,"47":1,"48":1,"49":1,"50":1,"54":1,"56":1,"66":0,"68":0,"70":0,"74":2,"75":2,"76":2,"79":2,"88":5,"89":5,"91":5,"93":5,"99":5,"107":5,"108":5,"117":1,"118":1,"119":0,"122":1,"123":0,"126":1,"127":1,"129":1,"130":0,"132":1,"137":1,"143":3},"path":"/Users/tonyz/_Project/Giuseppe/Cryptogogo/new-contracts/contracts/Vesting/TokenVesting.sol","s":{"1":6,"2":6,"3":6,"4":8,"5":1,"6":1,"7":1,"8":1,"9":1,"10":1,"11":1,"12":1,"13":0,"14":0,"15":2,"16":2,"17":2,"18":2,"19":5,"20":5,"21":0,"22":5,"23":5,"24":5,"25":5,"26":5,"27":1,"28":1,"29":0,"30":1,"31":0,"32":1,"33":1,"34":1,"35":0,"36":1,"37":1,"38":3},"b":{"1":[6,0],"2":[8,0],"3":[1,0],"4":[1,0],"5":[1,0],"6":[1,0],"7":[1,0],"8":[1,0],"9":[0,0],"10":[0,5],"11":[0,1],"12":[0,1],"13":[0,1]},"f":{"1":6,"2":8,"3":1,"4":0,"5":2,"6":5,"7":5,"8":1,"9":1,"10":3},"fnMap":{"1":{"name":"constructor","line":27,"loc":{"start":{"line":27,"column":1},"end":{"line":31,"column":1}}},"2":{"name":"onlyRecipient","line":33,"loc":{"start":{"line":33,"column":1},"end":{"line":36,"column":1}}},"3":{"name":"addVesting","line":44,"loc":{"start":{"line":38,"column":1},"end":{"line":63,"column":1}}},"4":{"name":"cancelVesting","line":65,"loc":{"start":{"line":65,"column":1},"end":{"line":71,"column":1}}},"5":{"name":"claim","line":73,"loc":{"start":{"line":73,"column":1},"end":{"line":80,"column":1}}},"6":{"name":"claimableAmount","line":85,"loc":{"start":{"line":82,"column":1},"end":{"line":100,"column":1}}},"7":{"name":"amountPerRelease","line":102,"loc":{"start":{"line":102,"column":1},"end":{"line":109,"column":1}}},"8":{"name":"nextReleaseTimestamp","line":114,"loc":{"start":{"line":111,"column":1},"end":{"line":134,"column":1}}},"9":{"name":"isVestingStarted","line":136,"loc":{"start":{"line":136,"column":1},"end":{"line":140,"column":1}}},"10":{"name":"isVestingSet","line":142,"loc":{"start":{"line":142,"column":1},"end":{"line":144,"column":1}}}},"statementMap":{"1":{"start":{"line":28,"column":2},"end":{"line":28,"column":39}},"2":{"start":{"line":29,"column":2},"end":{"line":29,"column":15}},"3":{"start":{"line":30,"column":2},"end":{"line":30,"column":23}},"4":{"start":{"line":34,"column":2},"end":{"line":34,"column":70}},"5":{"start":{"line":45,"column":2},"end":{"line":45,"column":60}},"6":{"start":{"line":46,"column":2},"end":{"line":46,"column":57}},"7":{"start":{"line":47,"column":2},"end":{"line":47,"column":60}},"8":{"start":{"line":48,"column":2},"end":{"line":48,"column":58}},"9":{"start":{"line":49,"column":2},"end":{"line":49,"column":52}},"10":{"start":{"line":50,"column":2},"end":{"line":50,"column":1301}},"11":{"start":{"line":54,"column":2},"end":{"line":54,"column":53}},"12":{"start":{"line":56,"column":2},"end":{"line":56,"column":1476}},"13":{"start":{"line":66,"column":2},"end":{"line":66,"column":66}},"14":{"start":{"line":68,"column":2},"end":{"line":68,"column":64}},"15":{"start":{"line":74,"column":2},"end":{"line":74,"column":54}},"16":{"start":{"line":75,"column":2},"end":{"line":75,"column":43}},"17":{"start":{"line":76,"column":2},"end":{"line":76,"column":2008}},"18":{"start":{"line":79,"column":2},"end":{"line":79,"column":56}},"19":{"start":{"line":88,"column":2},"end":{"line":88,"column":54}},"20":{"start":{"line":89,"column":2},"end":{"line":89,"column":48}},"21":{"start":{"line":89,"column":40},"end":{"line":89,"column":48}},"22":{"start":{"line":91,"column":2},"end":{"line":91,"column":59}},"23":{"start":{"line":93,"column":2},"end":{"line":93,"column":2465}},"24":{"start":{"line":99,"column":2},"end":{"line":99,"column":43}},"25":{"start":{"line":107,"column":2},"end":{"line":107,"column":54}},"26":{"start":{"line":108,"column":2},"end":{"line":108,"column":53}},"27":{"start":{"line":117,"column":2},"end":{"line":117,"column":54}},"28":{"start":{"line":118,"column":2},"end":{"line":118,"column":3011}},"29":{"start":{"line":119,"column":3},"end":{"line":119,"column":11}},"30":{"start":{"line":122,"column":2},"end":{"line":122,"column":3064}},"31":{"start":{"line":123,"column":3},"end":{"line":123,"column":50}},"32":{"start":{"line":126,"column":2},"end":{"line":126,"column":59}},"33":{"start":{"line":127,"column":2},"end":{"line":127,"column":66}},"34":{"start":{"line":129,"column":2},"end":{"line":129,"column":3290}},"35":{"start":{"line":130,"column":3},"end":{"line":130,"column":11}},"36":{"start":{"line":132,"column":2},"end":{"line":132,"column":3425}},"37":{"start":{"line":137,"column":2},"end":{"line":137,"column":3574}},"38":{"start":{"line":143,"column":2},"end":{"line":143,"column":57}}},"branchMap":{"1":{"line":28,"type":"if","locations":[{"start":{"line":28,"column":2},"end":{"line":28,"column":2}},{"start":{"line":28,"column":2},"end":{"line":28,"column":2}}]},"2":{"line":34,"type":"if","locations":[{"start":{"line":34,"column":2},"end":{"line":34,"column":2}},{"start":{"line":34,"column":2},"end":{"line":34,"column":2}}]},"3":{"line":45,"type":"if","locations":[{"start":{"line":45,"column":2},"end":{"line":45,"column":2}},{"start":{"line":45,"column":2},"end":{"line":45,"column":2}}]},"4":{"line":46,"type":"if","locations":[{"start":{"line":46,"column":2},"end":{"line":46,"column":2}},{"start":{"line":46,"column":2},"end":{"line":46,"column":2}}]},"5":{"line":47,"type":"if","locations":[{"start":{"line":47,"column":2},"end":{"line":47,"column":2}},{"start":{"line":47,"column":2},"end":{"line":47,"column":2}}]},"6":{"line":48,"type":"if","locations":[{"start":{"line":48,"column":2},"end":{"line":48,"column":2}},{"start":{"line":48,"column":2},"end":{"line":48,"column":2}}]},"7":{"line":49,"type":"if","locations":[{"start":{"line":49,"column":2},"end":{"line":49,"column":2}},{"start":{"line":49,"column":2},"end":{"line":49,"column":2}}]},"8":{"line":50,"type":"if","locations":[{"start":{"line":50,"column":2},"end":{"line":50,"column":2}},{"start":{"line":50,"column":2},"end":{"line":50,"column":2}}]},"9":{"line":66,"type":"if","locations":[{"start":{"line":66,"column":2},"end":{"line":66,"column":2}},{"start":{"line":66,"column":2},"end":{"line":66,"column":2}}]},"10":{"line":89,"type":"if","locations":[{"start":{"line":89,"column":2},"end":{"line":89,"column":2}},{"start":{"line":89,"column":2},"end":{"line":89,"column":2}}]},"11":{"line":118,"type":"if","locations":[{"start":{"line":118,"column":2},"end":{"line":118,"column":2}},{"start":{"line":118,"column":2},"end":{"line":118,"column":2}}]},"12":{"line":122,"type":"if","locations":[{"start":{"line":122,"column":2},"end":{"line":122,"column":2}},{"start":{"line":122,"column":2},"end":{"line":122,"column":2}}]},"13":{"line":129,"type":"if","locations":[{"start":{"line":129,"column":2},"end":{"line":129,"column":2}},{"start":{"line":129,"column":2},"end":{"line":129,"column":2}}]}}}}